mode: set
github.com/aleksaan/statusek/models/install.go:10.13,12.2 1 1
github.com/aleksaan/statusek/models/install.go:14.38,20.16 3 0
github.com/aleksaan/statusek/models/install.go:26.2,26.50 1 0
github.com/aleksaan/statusek/models/install.go:48.2,48.29 1 0
github.com/aleksaan/statusek/models/install.go:20.16,24.3 3 0
github.com/aleksaan/statusek/models/install.go:26.50,42.26 11 0
github.com/aleksaan/statusek/models/install.go:42.27,44.4 0 0
github.com/aleksaan/statusek/models/install.go:52.51,60.73 3 0
github.com/aleksaan/statusek/models/install.go:60.73,62.23 1 0
github.com/aleksaan/statusek/models/install.go:68.3,75.18 8 0
github.com/aleksaan/statusek/models/install.go:62.23,65.4 1 0
github.com/aleksaan/statusek/models/instances.go:20.65,24.2 3 1
github.com/aleksaan/statusek/models/instances.go:26.46,29.2 1 1
github.com/aleksaan/statusek/models/instances.go:44.106,46.17 2 1
github.com/aleksaan/statusek/models/instances.go:49.2,51.44 2 1
github.com/aleksaan/statusek/models/instances.go:55.2,55.16 1 1
github.com/aleksaan/statusek/models/instances.go:59.2,59.19 1 1
github.com/aleksaan/statusek/models/instances.go:46.17,48.3 1 1
github.com/aleksaan/statusek/models/instances.go:51.44,53.3 1 0
github.com/aleksaan/statusek/models/instances.go:55.16,57.3 1 0
github.com/aleksaan/statusek/models/instances.go:63.107,67.16 4 1
github.com/aleksaan/statusek/models/instances.go:70.2,70.19 1 0
github.com/aleksaan/statusek/models/instances.go:67.16,69.3 1 1
github.com/aleksaan/statusek/models/objects.go:17.42,20.2 1 1
github.com/aleksaan/statusek/models/objects.go:22.79,25.44 2 1
github.com/aleksaan/statusek/models/objects.go:29.2,29.16 1 1
github.com/aleksaan/statusek/models/objects.go:33.2,33.19 1 1
github.com/aleksaan/statusek/models/objects.go:25.44,27.3 1 1
github.com/aleksaan/statusek/models/objects.go:29.16,31.3 1 0
github.com/aleksaan/statusek/models/statuses.go:19.42,22.2 1 1
github.com/aleksaan/statusek/models/statuses.go:24.94,27.19 2 1
github.com/aleksaan/statusek/models/statuses.go:31.2,31.47 1 1
github.com/aleksaan/statusek/models/statuses.go:27.19,30.3 1 1
github.com/aleksaan/statusek/models/statuses.go:34.79,37.19 2 1
github.com/aleksaan/statusek/models/statuses.go:41.2,41.34 1 0
github.com/aleksaan/statusek/models/statuses.go:37.19,40.3 1 1
github.com/aleksaan/statusek/models/workflows.go:17.46,20.2 1 1
github.com/aleksaan/statusek/models/workflows.go:23.59,25.59 1 0
github.com/aleksaan/statusek/models/workflows.go:31.2,33.13 3 0
github.com/aleksaan/statusek/models/workflows.go:25.59,29.3 3 0
github.com/aleksaan/statusek/returncodes/returncodes.go:34.13,59.2 24 1
github.com/aleksaan/statusek/utils/utils.go:8.66,10.2 1 0
github.com/aleksaan/statusek/utils/utils.go:12.66,15.2 2 0
github.com/aleksaan/statusek/utils/utils.go:17.37,20.2 2 0
github.com/aleksaan/statusek/logic/checks.go:10.125,11.66 1 1
github.com/aleksaan/statusek/logic/checks.go:14.2,14.54 1 0
github.com/aleksaan/statusek/logic/checks.go:11.66,13.3 1 1
github.com/aleksaan/statusek/logic/checks.go:17.95,21.42 3 1
github.com/aleksaan/statusek/logic/checks.go:33.2,33.50 1 1
github.com/aleksaan/statusek/logic/checks.go:37.2,37.44 1 1
github.com/aleksaan/statusek/logic/checks.go:21.42,22.34 1 1
github.com/aleksaan/statusek/logic/checks.go:22.34,24.42 2 1
github.com/aleksaan/statusek/logic/checks.go:24.42,25.27 1 1
github.com/aleksaan/statusek/logic/checks.go:25.27,27.6 1 1
github.com/aleksaan/statusek/logic/checks.go:33.50,35.3 1 1
github.com/aleksaan/statusek/logic/checks.go:44.87,46.54 1 1
github.com/aleksaan/statusek/logic/checks.go:50.2,50.43 1 1
github.com/aleksaan/statusek/logic/checks.go:46.54,48.3 1 0
github.com/aleksaan/statusek/logic/checks.go:53.89,58.59 4 1
github.com/aleksaan/statusek/logic/checks.go:62.2,62.41 1 0
github.com/aleksaan/statusek/logic/checks.go:58.59,60.3 1 1
github.com/aleksaan/statusek/logic/checks.go:65.120,70.44 5 1
github.com/aleksaan/statusek/logic/checks.go:90.2,90.51 1 1
github.com/aleksaan/statusek/logic/checks.go:98.2,98.50 1 1
github.com/aleksaan/statusek/logic/checks.go:103.2,103.91 1 1
github.com/aleksaan/statusek/logic/checks.go:108.2,108.45 1 1
github.com/aleksaan/statusek/logic/checks.go:70.44,71.34 1 1
github.com/aleksaan/statusek/logic/checks.go:71.34,73.42 2 1
github.com/aleksaan/statusek/logic/checks.go:73.42,74.27 1 1
github.com/aleksaan/statusek/logic/checks.go:74.27,76.11 2 1
github.com/aleksaan/statusek/logic/checks.go:79.9,81.42 2 0
github.com/aleksaan/statusek/logic/checks.go:81.42,82.27 1 0
github.com/aleksaan/statusek/logic/checks.go:82.27,84.11 2 0
github.com/aleksaan/statusek/logic/checks.go:90.51,91.57 1 0
github.com/aleksaan/statusek/logic/checks.go:91.57,93.4 1 0
github.com/aleksaan/statusek/logic/checks.go:93.9,95.4 1 0
github.com/aleksaan/statusek/logic/checks.go:98.50,101.3 1 1
github.com/aleksaan/statusek/logic/checks.go:103.91,106.3 1 0
github.com/aleksaan/statusek/logic/checks.go:111.120,113.49 1 1
github.com/aleksaan/statusek/logic/checks.go:117.2,117.44 1 0
github.com/aleksaan/statusek/logic/checks.go:125.2,125.42 1 0
github.com/aleksaan/statusek/logic/checks.go:113.49,115.3 1 1
github.com/aleksaan/statusek/logic/checks.go:117.44,118.41 1 0
github.com/aleksaan/statusek/logic/checks.go:118.41,119.26 1 0
github.com/aleksaan/statusek/logic/checks.go:119.26,121.5 1 0
github.com/aleksaan/statusek/logic/checks.go:128.113,130.40 1 1
github.com/aleksaan/statusek/logic/checks.go:136.2,136.35 1 1
github.com/aleksaan/statusek/logic/checks.go:130.40,131.30 1 1
github.com/aleksaan/statusek/logic/checks.go:131.30,133.4 1 1
github.com/aleksaan/statusek/models/events.go:18.40,21.2 1 1
github.com/aleksaan/statusek/models/events.go:36.39,38.2 1 0
github.com/aleksaan/statusek/models/events.go:40.29,43.2 2 0
github.com/aleksaan/statusek/models/instanceinfo.go:17.118,20.23 2 1
github.com/aleksaan/statusek/models/instanceinfo.go:24.2,27.19 3 1
github.com/aleksaan/statusek/models/instanceinfo.go:20.23,22.3 1 0
github.com/aleksaan/statusek/models/instanceinfo.go:30.76,33.2 2 1
github.com/aleksaan/statusek/models/instanceinfo.go:35.78,38.2 2 1
github.com/aleksaan/statusek/models/instanceinfo.go:40.53,42.2 1 0
github.com/aleksaan/statusek/models/instanceinfo.go:44.43,47.2 2 0
github.com/aleksaan/statusek/models/statusinfo.go:18.106,21.23 2 1
github.com/aleksaan/statusek/models/statusinfo.go:25.2,28.30 4 1
github.com/aleksaan/statusek/models/statusinfo.go:31.2,35.30 4 1
github.com/aleksaan/statusek/models/statusinfo.go:38.2,40.19 2 1
github.com/aleksaan/statusek/models/statusinfo.go:21.23,23.3 1 1
github.com/aleksaan/statusek/models/statusinfo.go:28.30,30.3 1 1
github.com/aleksaan/statusek/models/statusinfo.go:35.30,37.3 1 1
github.com/aleksaan/statusek/models/statusinfo.go:43.49,45.2 1 0
github.com/aleksaan/statusek/models/statusinfo.go:47.39,50.2 2 0
github.com/aleksaan/statusek/database/database.go:30.13,33.2 2 1
github.com/aleksaan/statusek/database/database.go:35.33,37.14 2 1
github.com/aleksaan/statusek/database/database.go:41.2,46.56 6 1
github.com/aleksaan/statusek/database/database.go:37.14,39.3 1 0
github.com/aleksaan/statusek/database/database.go:50.34,52.2 1 1
github.com/aleksaan/statusek/database/database.go:54.39,57.16 2 1
github.com/aleksaan/statusek/database/database.go:62.2,63.19 2 1
github.com/aleksaan/statusek/database/database.go:57.16,60.3 2 1
github.com/aleksaan/statusek/database/database.go:66.30,69.2 2 1
github.com/aleksaan/statusek/models/version.go:14.44,17.2 1 0
github.com/aleksaan/statusek/logic/logic.go:12.13,15.2 1 1
github.com/aleksaan/statusek/logic/logic.go:19.85,22.23 3 1
github.com/aleksaan/statusek/logic/logic.go:25.2,27.16 3 1
github.com/aleksaan/statusek/logic/logic.go:32.2,32.43 1 1
github.com/aleksaan/statusek/logic/logic.go:22.23,24.3 1 1
github.com/aleksaan/statusek/logic/logic.go:27.16,30.3 2 0
github.com/aleksaan/statusek/logic/logic.go:35.78,36.54 1 1
github.com/aleksaan/statusek/logic/logic.go:39.2,40.11 2 1
github.com/aleksaan/statusek/logic/logic.go:36.54,38.3 1 1
github.com/aleksaan/statusek/logic/logic.go:40.11,42.3 1 0
github.com/aleksaan/statusek/logic/logic.go:45.78,54.23 6 1
github.com/aleksaan/statusek/logic/logic.go:57.2,61.40 3 1
github.com/aleksaan/statusek/logic/logic.go:71.2,71.27 1 1
github.com/aleksaan/statusek/logic/logic.go:54.23,56.3 1 0
github.com/aleksaan/statusek/logic/logic.go:61.40,63.24 2 1
github.com/aleksaan/statusek/logic/logic.go:66.3,68.34 3 1
github.com/aleksaan/statusek/logic/logic.go:63.24,65.4 1 0
github.com/aleksaan/statusek/logic/logic.go:75.86,82.23 5 1
github.com/aleksaan/statusek/logic/logic.go:85.2,91.57 4 1
github.com/aleksaan/statusek/logic/logic.go:82.23,84.3 1 0
github.com/aleksaan/statusek/logic/logic.go:95.88,100.23 5 1
github.com/aleksaan/statusek/logic/logic.go:103.2,104.32 2 1
github.com/aleksaan/statusek/logic/logic.go:100.23,102.3 1 0
github.com/aleksaan/statusek/logic/logic.go:108.71,118.23 6 1
github.com/aleksaan/statusek/logic/logic.go:122.2,123.70 2 1
github.com/aleksaan/statusek/logic/logic.go:128.2,129.23 2 1
github.com/aleksaan/statusek/logic/logic.go:134.2,135.11 2 1
github.com/aleksaan/statusek/logic/logic.go:140.2,141.11 2 1
github.com/aleksaan/statusek/logic/logic.go:146.2,147.11 2 1
github.com/aleksaan/statusek/logic/logic.go:152.2,153.11 2 1
github.com/aleksaan/statusek/logic/logic.go:157.2,159.16 3 1
github.com/aleksaan/statusek/logic/logic.go:162.2,165.51 2 1
github.com/aleksaan/statusek/logic/logic.go:170.2,170.70 1 1
github.com/aleksaan/statusek/logic/logic.go:174.2,174.19 1 1
github.com/aleksaan/statusek/logic/logic.go:118.23,120.3 1 0
github.com/aleksaan/statusek/logic/logic.go:123.70,125.3 1 0
github.com/aleksaan/statusek/logic/logic.go:129.23,131.3 1 1
github.com/aleksaan/statusek/logic/logic.go:135.11,137.3 1 0
github.com/aleksaan/statusek/logic/logic.go:141.11,143.3 1 1
github.com/aleksaan/statusek/logic/logic.go:147.11,149.3 1 0
github.com/aleksaan/statusek/logic/logic.go:153.11,155.3 1 0
github.com/aleksaan/statusek/logic/logic.go:159.16,161.3 1 0
github.com/aleksaan/statusek/logic/logic.go:165.51,167.3 1 0
github.com/aleksaan/statusek/logic/logic.go:170.70,172.3 1 1
